<?xml version="1.0" encoding="UTF-8"?>
<!-- Generated by org.testng.reporters.JUnitReportReporter -->
<testsuite skipped="0" hostname="DESKTOP-FGT58SB" name="com.patientApp.TestCases.MainTestClass" tests="1" failures="0" timestamp="24 Jul 2018 16:37:13 GMT" time="47.975" errors="0">
  <testcase name="HealthPackage" time="47.975" classname="com.patientApp.TestCases.MainTestClass"/>
</testsuite> <!-- com.patientApp.TestCases.MainTestClass -->
